[0m14:47:41.724095 [debug] [MainThread]: Sending event: {'category': 'dbt', 'action': 'invocation', 'label': 'start', 'context': [<snowplow_tracker.self_describing_json.SelfDescribingJson object at 0x000002218BE78CD0>, <snowplow_tracker.self_describing_json.SelfDescribingJson object at 0x000002218BE7A790>, <snowplow_tracker.self_describing_json.SelfDescribingJson object at 0x000002218BE7B750>]}


============================== 14:47:41.727140 | 3c791ebe-84e1-48c3-bc6f-76492b3dd41a ==============================
[0m14:47:41.727140 [info ] [MainThread]: Running with dbt=1.5.4
[0m14:47:41.728214 [debug] [MainThread]: running dbt with arguments {'printer_width': '80', 'indirect_selection': 'eager', 'write_json': 'True', 'log_cache_events': 'False', 'partial_parse': 'True', 'cache_selected_only': 'False', 'warn_error': 'None', 'debug': 'False', 'fail_fast': 'False', 'log_path': 'logs', 'version_check': 'True', 'profiles_dir': 'C:\\Users\\Vinot\\.dbt', 'use_colors': 'True', 'use_experimental_parser': 'False', 'no_print': 'None', 'quiet': 'False', 'warn_error_options': 'WarnErrorOptions(include=[], exclude=[])', 'introspect': 'True', 'static_parser': 'True', 'log_format': 'default', 'target_path': 'None', 'send_anonymous_usage_stats': 'True'}
[0m14:47:41.731258 [debug] [MainThread]: Starter project path: C:\Users\Vinot\Desktop\course\venv\Lib\site-packages\dbt\include\starter_project
[0m14:50:46.462194 [info ] [MainThread]: Profile dbtlearn written to C:\Users\Vinot\.dbt\profiles.yml using target's profile_template.yml and your supplied values. Run 'dbt debug' to validate the connection.
[0m14:50:46.464757 [info ] [MainThread]: 
Your new dbt project "dbtlearn" was created!

For more information on how to configure the profiles.yml file,
please consult the dbt documentation here:

  https://docs.getdbt.com/docs/configure-your-profile

One more thing:

Need help? Don't hesitate to reach out to us via GitHub issues or on Slack:

  https://community.getdbt.com/

Happy modeling!

[0m14:50:46.465754 [debug] [MainThread]: Command `dbt init` succeeded at 14:50:46.465754 after 184.83 seconds
[0m14:50:46.466752 [debug] [MainThread]: Sending event: {'category': 'dbt', 'action': 'invocation', 'label': 'end', 'context': [<snowplow_tracker.self_describing_json.SelfDescribingJson object at 0x000002218744D7D0>, <snowplow_tracker.self_describing_json.SelfDescribingJson object at 0x000002218744D510>, <snowplow_tracker.self_describing_json.SelfDescribingJson object at 0x000002218744D710>]}
[0m14:50:46.467783 [debug] [MainThread]: Flushing usage events
[0m14:50:57.577440 [debug] [MainThread]: Sending event: {'category': 'dbt', 'action': 'invocation', 'label': 'start', 'context': [<snowplow_tracker.self_describing_json.SelfDescribingJson object at 0x000001C23058B7D0>, <snowplow_tracker.self_describing_json.SelfDescribingJson object at 0x000001C23058B790>, <snowplow_tracker.self_describing_json.SelfDescribingJson object at 0x000001C23058B2D0>]}


============================== 14:50:57.581343 | 3ebf63c3-94f2-426f-81cb-590e616663c1 ==============================
[0m14:50:57.581343 [info ] [MainThread]: Running with dbt=1.5.4
[0m14:50:57.582431 [debug] [MainThread]: running dbt with arguments {'printer_width': '80', 'indirect_selection': 'eager', 'write_json': 'True', 'log_cache_events': 'False', 'partial_parse': 'True', 'cache_selected_only': 'False', 'profiles_dir': 'C:\\Users\\Vinot\\.dbt', 'version_check': 'True', 'fail_fast': 'False', 'log_path': 'logs', 'debug': 'False', 'warn_error': 'None', 'use_colors': 'True', 'use_experimental_parser': 'False', 'no_print': 'None', 'quiet': 'False', 'warn_error_options': 'WarnErrorOptions(include=[], exclude=[])', 'static_parser': 'True', 'introspect': 'True', 'log_format': 'default', 'target_path': 'None', 'send_anonymous_usage_stats': 'True'}
[0m14:50:57.582431 [info ] [MainThread]: dbt version: 1.5.4
[0m14:50:57.583436 [info ] [MainThread]: python version: 3.11.4
[0m14:50:57.583436 [info ] [MainThread]: python path: C:\Users\Vinot\Desktop\course\venv\Scripts\python.exe
[0m14:50:57.584486 [info ] [MainThread]: os info: Windows-10-10.0.22621-SP0
[0m14:50:57.585448 [info ] [MainThread]: Using profiles.yml file at C:\Users\Vinot\.dbt\profiles.yml
[0m14:50:57.586445 [info ] [MainThread]: Using dbt_project.yml file at C:\Users\Vinot\Desktop\course\dbt_project.yml
[0m14:50:57.587444 [info ] [MainThread]: Configuration:
[0m14:50:57.940115 [info ] [MainThread]:   profiles.yml file [[32mOK found and valid[0m]
[0m14:50:57.941117 [info ] [MainThread]:   dbt_project.yml file [[31mERROR not found[0m]
[0m14:50:57.942063 [info ] [MainThread]: Required dependencies:
[0m14:50:57.943670 [debug] [MainThread]: Executing "git --help"
[0m14:50:58.042621 [debug] [MainThread]: STDOUT: "b"usage: git [-v | --version] [-h | --help] [-C <path>] [-c <name>=<value>]\n           [--exec-path[=<path>]] [--html-path] [--man-path] [--info-path]\n           [-p | --paginate | -P | --no-pager] [--no-replace-objects] [--bare]\n           [--git-dir=<path>] [--work-tree=<path>] [--namespace=<name>]\n           [--config-env=<name>=<envvar>] <command> [<args>]\n\nThese are common Git commands used in various situations:\n\nstart a working area (see also: git help tutorial)\n   clone     Clone a repository into a new directory\n   init      Create an empty Git repository or reinitialize an existing one\n\nwork on the current change (see also: git help everyday)\n   add       Add file contents to the index\n   mv        Move or rename a file, a directory, or a symlink\n   restore   Restore working tree files\n   rm        Remove files from the working tree and from the index\n\nexamine the history and state (see also: git help revisions)\n   bisect    Use binary search to find the commit that introduced a bug\n   diff      Show changes between commits, commit and working tree, etc\n   grep      Print lines matching a pattern\n   log       Show commit logs\n   show      Show various types of objects\n   status    Show the working tree status\n\ngrow, mark and tweak your common history\n   branch    List, create, or delete branches\n   commit    Record changes to the repository\n   merge     Join two or more development histories together\n   rebase    Reapply commits on top of another base tip\n   reset     Reset current HEAD to the specified state\n   switch    Switch branches\n   tag       Create, list, delete or verify a tag object signed with GPG\n\ncollaborate (see also: git help workflows)\n   fetch     Download objects and refs from another repository\n   pull      Fetch from and integrate with another repository or a local branch\n   push      Update remote refs along with associated objects\n\n'git help -a' and 'git help -g' list available subcommands and some\nconcept guides. See 'git help <command>' or 'git help <concept>'\nto read about a specific subcommand or concept.\nSee 'git help git' for an overview of the system.\n""
[0m14:50:58.042621 [debug] [MainThread]: STDERR: "b''"
[0m14:50:58.043610 [info ] [MainThread]:  - git [[32mOK found[0m]

[0m14:50:58.044715 [info ] [MainThread]: Connection:
[0m14:50:58.045717 [info ] [MainThread]:   account: https://ke46619.us-east-2.aws.snowflakecomputing.com/
[0m14:50:58.046654 [info ] [MainThread]:   user: dbt
[0m14:50:58.047659 [info ] [MainThread]:   database: AIRBNB
[0m14:50:58.048668 [info ] [MainThread]:   schema: DEV
[0m14:50:58.049668 [info ] [MainThread]:   warehouse: COMPUTE_WH
[0m14:50:58.049668 [info ] [MainThread]:   role: transform
[0m14:50:58.050669 [info ] [MainThread]:   client_session_keep_alive: False
[0m14:50:58.051669 [info ] [MainThread]:   query_tag: None
[0m14:50:58.053668 [info ] [MainThread]: Registered adapter: snowflake=1.5.0
[0m14:50:58.055207 [debug] [MainThread]: Acquiring new snowflake connection 'debug'
[0m14:50:58.056215 [debug] [MainThread]: Using snowflake connection "debug"
[0m14:50:58.057214 [debug] [MainThread]: On debug: select 1 as id
[0m14:50:58.057214 [debug] [MainThread]: Opening a new connection, currently in state init
[0m14:51:10.864223 [debug] [MainThread]: Snowflake adapter: Error running SQL: select 1 as id
[0m14:51:10.866241 [debug] [MainThread]: Snowflake adapter: Rolling back transaction.
[0m14:51:10.868278 [debug] [MainThread]: On debug: No close available on handle
[0m14:51:10.869236 [info ] [MainThread]:   Connection test: [[31mERROR[0m]

[0m14:51:10.871271 [info ] [MainThread]: [31m2 checks failed:[0m
[0m14:51:10.872241 [info ] [MainThread]: Could not load dbt_project.yml

[0m14:51:10.874797 [info ] [MainThread]: dbt was unable to connect to the specified database.
The database returned the following error:

  >Database Error
  250001: Could not connect to Snowflake backend after 1 attempt(s).Aborting

Check your database credentials and try again. For more information, visit:
https://docs.getdbt.com/docs/configure-your-profile


[0m14:51:10.878434 [debug] [MainThread]: Command `dbt debug` failed at 14:51:10.878434 after 13.39 seconds
[0m14:51:10.879434 [debug] [MainThread]: Connection 'debug' was properly closed.
[0m14:51:10.879434 [debug] [MainThread]: Sending event: {'category': 'dbt', 'action': 'invocation', 'label': 'end', 'context': [<snowplow_tracker.self_describing_json.SelfDescribingJson object at 0x000001C230588E90>, <snowplow_tracker.self_describing_json.SelfDescribingJson object at 0x000001C230589F90>, <snowplow_tracker.self_describing_json.SelfDescribingJson object at 0x000001C230580790>]}
[0m14:51:10.880405 [debug] [MainThread]: Flushing usage events
[0m11:31:36.189756 [debug] [MainThread]: Sending event: {'category': 'dbt', 'action': 'invocation', 'label': 'start', 'context': [<snowplow_tracker.self_describing_json.SelfDescribingJson object at 0x000001F978C3B690>, <snowplow_tracker.self_describing_json.SelfDescribingJson object at 0x000001F978C40890>, <snowplow_tracker.self_describing_json.SelfDescribingJson object at 0x000001F978C49510>]}


============================== 11:31:36.205445 | daf96a89-5461-4a35-8591-f7eaf443bdfd ==============================
[0m11:31:36.205445 [info ] [MainThread]: Running with dbt=1.5.4
[0m11:31:36.206387 [debug] [MainThread]: running dbt with arguments {'printer_width': '80', 'indirect_selection': 'eager', 'log_cache_events': 'False', 'write_json': 'True', 'partial_parse': 'True', 'cache_selected_only': 'False', 'profiles_dir': 'C:\\Users\\Vinot\\.dbt', 'debug': 'False', 'warn_error': 'None', 'log_path': 'logs', 'fail_fast': 'False', 'version_check': 'True', 'use_colors': 'True', 'use_experimental_parser': 'False', 'no_print': 'None', 'quiet': 'False', 'log_format': 'default', 'introspect': 'True', 'warn_error_options': 'WarnErrorOptions(include=[], exclude=[])', 'static_parser': 'True', 'target_path': 'None', 'send_anonymous_usage_stats': 'True'}
[0m11:31:36.207392 [error] [MainThread]: Encountered an error:
Runtime Error
  No dbt_project.yml found at expected path C:\Users\Vinot\Desktop\course\dbt_project.yml
  Verify that each entry within packages.yml (and their transitive dependencies) contains a file named dbt_project.yml
  
[0m11:31:36.208392 [debug] [MainThread]: Command `dbt run` failed at 11:31:36.208392 after 0.14 seconds
[0m11:31:36.209391 [debug] [MainThread]: Sending event: {'category': 'dbt', 'action': 'invocation', 'label': 'end', 'context': [<snowplow_tracker.self_describing_json.SelfDescribingJson object at 0x000001F978C40710>, <snowplow_tracker.self_describing_json.SelfDescribingJson object at 0x000001F978C40890>, <snowplow_tracker.self_describing_json.SelfDescribingJson object at 0x000001F978B0EA10>]}
[0m11:31:36.209391 [debug] [MainThread]: Flushing usage events
[0m15:19:21.925044 [debug] [MainThread]: Sending event: {'category': 'dbt', 'action': 'invocation', 'label': 'start', 'context': [<snowplow_tracker.self_describing_json.SelfDescribingJson object at 0x000001EBD2AC8CD0>, <snowplow_tracker.self_describing_json.SelfDescribingJson object at 0x000001EBD298EA90>, <snowplow_tracker.self_describing_json.SelfDescribingJson object at 0x000001EBD2ACB8D0>]}


============================== 15:19:21.929738 | 5cfab4ad-be66-4b05-99e2-d6bc790083b5 ==============================
[0m15:19:21.929738 [info ] [MainThread]: Running with dbt=1.5.4
[0m15:19:21.930217 [debug] [MainThread]: running dbt with arguments {'printer_width': '80', 'indirect_selection': 'eager', 'log_cache_events': 'False', 'write_json': 'True', 'partial_parse': 'True', 'cache_selected_only': 'False', 'warn_error': 'None', 'debug': 'False', 'fail_fast': 'False', 'log_path': 'logs', 'version_check': 'True', 'profiles_dir': 'C:\\Users\\Vinot\\.dbt', 'use_colors': 'True', 'use_experimental_parser': 'False', 'no_print': 'None', 'quiet': 'False', 'warn_error_options': 'WarnErrorOptions(include=[], exclude=[])', 'introspect': 'True', 'static_parser': 'True', 'log_format': 'default', 'target_path': 'None', 'send_anonymous_usage_stats': 'True'}
[0m15:19:21.931274 [error] [MainThread]: Encountered an error:
Runtime Error
  No dbt_project.yml found at expected path C:\Users\Vinot\Desktop\course\dbt_project.yml
  Verify that each entry within packages.yml (and their transitive dependencies) contains a file named dbt_project.yml
  
[0m15:19:21.932239 [debug] [MainThread]: Command `dbt docs serve` failed at 15:19:21.932239 after 0.10 seconds
[0m15:19:21.932239 [debug] [MainThread]: Sending event: {'category': 'dbt', 'action': 'invocation', 'label': 'end', 'context': [<snowplow_tracker.self_describing_json.SelfDescribingJson object at 0x000001EBD2A6C450>, <snowplow_tracker.self_describing_json.SelfDescribingJson object at 0x000001EBD2AC0990>, <snowplow_tracker.self_describing_json.SelfDescribingJson object at 0x000001EBD2AC0790>]}
[0m15:19:21.933272 [debug] [MainThread]: Flushing usage events
[0m14:58:44.529121 [debug] [MainThread]: Sending event: {'category': 'dbt', 'action': 'invocation', 'label': 'start', 'context': [<snowplow_tracker.self_describing_json.SelfDescribingJson object at 0x000001DF8EE7B390>, <snowplow_tracker.self_describing_json.SelfDescribingJson object at 0x000001DF8EE78810>, <snowplow_tracker.self_describing_json.SelfDescribingJson object at 0x000001DF8EE78C90>]}


============================== 14:58:44.533168 | aa34ea4b-04a5-4a74-8ca7-be33f60c7103 ==============================
[0m14:58:44.533168 [info ] [MainThread]: Running with dbt=1.5.4
[0m14:58:44.535122 [debug] [MainThread]: running dbt with arguments {'printer_width': '80', 'indirect_selection': 'eager', 'write_json': 'True', 'log_cache_events': 'False', 'partial_parse': 'True', 'cache_selected_only': 'False', 'profiles_dir': 'C:\\Users\\Vinot\\.dbt', 'debug': 'False', 'fail_fast': 'False', 'log_path': 'logs', 'warn_error': 'None', 'version_check': 'True', 'use_colors': 'True', 'use_experimental_parser': 'False', 'no_print': 'None', 'quiet': 'False', 'log_format': 'default', 'introspect': 'True', 'static_parser': 'True', 'warn_error_options': 'WarnErrorOptions(include=[], exclude=[])', 'target_path': 'None', 'send_anonymous_usage_stats': 'True'}
[0m14:58:44.535122 [error] [MainThread]: Encountered an error:
Runtime Error
  No dbt_project.yml found at expected path C:\Users\Vinot\Desktop\course\dbt_project.yml
  Verify that each entry within packages.yml (and their transitive dependencies) contains a file named dbt_project.yml
  
[0m14:58:44.537123 [debug] [MainThread]: Command `dbt deps` failed at 14:58:44.537123 after 0.11 seconds
[0m14:58:44.538167 [debug] [MainThread]: Sending event: {'category': 'dbt', 'action': 'invocation', 'label': 'end', 'context': [<snowplow_tracker.self_describing_json.SelfDescribingJson object at 0x000001DF8EE6AE50>, <snowplow_tracker.self_describing_json.SelfDescribingJson object at 0x000001DF8EE70850>, <snowplow_tracker.self_describing_json.SelfDescribingJson object at 0x000001DF8ECDCE90>]}
[0m14:58:44.538167 [debug] [MainThread]: Flushing usage events
